{
  "RSpec": {
    "coverage": {
      "/vagrant/lighthouse/w6d6/exercises/myapp/spec/controllers/contacts_controller_spec.rb": [
        1,
        null,
        1,
        null,
        1,
        1,
        1,
        1,
        0,
        null,
        null,
        null,
        null
      ],
      "/vagrant/lighthouse/w6d6/exercises/myapp/spec/rails_helper.rb": [
        null,
        1,
        1,
        1,
        null,
        1,
        1,
        null,
        null,
        null,
        null,
        null,
        null,
        null,
        null,
        null,
        null,
        null,
        null,
        null,
        null,
        null,
        null,
        null,
        null,
        null,
        1,
        null,
        1,
        null,
        1,
        null,
        null,
        null,
        null,
        1,
        null,
        1,
        null,
        null,
        null,
        null,
        null,
        null,
        null,
        null,
        null,
        null,
        null,
        null,
        null,
        null,
        1,
        null,
        null,
        1,
        null,
        null,
        null,
        null,
        1,
        null,
        1,
        1,
        1,
        1,
        null,
        null
      ],
      "/vagrant/lighthouse/w6d6/exercises/myapp/config/environment.rb": [
        null,
        1,
        null,
        null,
        1
      ],
      "/vagrant/lighthouse/w6d6/exercises/myapp/config/application.rb": [
        1,
        null,
        1,
        null,
        null,
        null,
        1,
        null,
        1,
        1,
        null,
        1,
        null,
        null,
        null,
        null,
        null,
        null
      ],
      "/vagrant/lighthouse/w6d6/exercises/myapp/config/boot.rb": [
        1,
        null,
        1
      ],
      "/vagrant/lighthouse/w6d6/exercises/myapp/config/environments/test.rb": [
        1,
        null,
        null,
        null,
        null,
        null,
        null,
        1,
        null,
        null,
        null,
        null,
        1,
        null,
        null,
        1,
        1,
        null,
        null,
        null,
        null,
        1,
        1,
        null,
        null,
        1,
        null,
        null,
        1,
        1,
        null,
        null,
        null,
        null,
        1,
        null,
        null,
        1,
        null,
        null,
        null,
        null
      ],
      "/vagrant/lighthouse/w6d6/exercises/myapp/config/initializers/application_controller_renderer.rb": [
        null,
        null,
        null,
        null,
        null,
        null
      ],
      "/vagrant/lighthouse/w6d6/exercises/myapp/config/initializers/assets.rb": [
        null,
        null,
        null,
        1,
        null,
        null,
        null,
        null,
        1,
        null,
        null,
        null,
        null,
        null
      ],
      "/vagrant/lighthouse/w6d6/exercises/myapp/config/initializers/backtrace_silencers.rb": [
        null,
        null,
        null,
        null,
        null,
        null,
        null
      ],
      "/vagrant/lighthouse/w6d6/exercises/myapp/config/initializers/cookies_serializer.rb": [
        null,
        null,
        null,
        null,
        1
      ],
      "/vagrant/lighthouse/w6d6/exercises/myapp/config/initializers/filter_parameter_logging.rb": [
        null,
        null,
        null,
        1
      ],
      "/vagrant/lighthouse/w6d6/exercises/myapp/config/initializers/inflections.rb": [
        null,
        null,
        null,
        null,
        null,
        null,
        null,
        null,
        null,
        null,
        null,
        null,
        null,
        null,
        null,
        null
      ],
      "/vagrant/lighthouse/w6d6/exercises/myapp/config/initializers/mime_types.rb": [
        null,
        null,
        null,
        null
      ],
      "/vagrant/lighthouse/w6d6/exercises/myapp/config/initializers/wrap_parameters.rb": [
        null,
        null,
        null,
        null,
        null,
        null,
        1,
        2,
        null,
        null,
        null,
        null,
        null,
        null
      ],
      "/vagrant/lighthouse/w6d6/exercises/myapp/spec/factories/contacts.rb": [
        null,
        null,
        null,
        null,
        null,
        null,
        null,
        null,
        1,
        1,
        2,
        2,
        2,
        2,
        null,
        null
      ],
      "/vagrant/lighthouse/w6d6/exercises/myapp/config/routes.rb": [
        1,
        1,
        null
      ],
      "/vagrant/lighthouse/w6d6/exercises/myapp/app/helpers/application_helper.rb": [
        1,
        null
      ],
      "/vagrant/lighthouse/w6d6/exercises/myapp/app/helpers/contacts_helper.rb": [
        1,
        null
      ],
      "/vagrant/lighthouse/w6d6/exercises/myapp/app/controllers/contacts_controller.rb": [
        1,
        1,
        0,
        null,
        null,
        1,
        0,
        null,
        0,
        0,
        0,
        0,
        null,
        0,
        0,
        null,
        null,
        null,
        null,
        1,
        null,
        1,
        0,
        null,
        null
      ],
      "/vagrant/lighthouse/w6d6/exercises/myapp/app/controllers/application_controller.rb": [
        1,
        1,
        null
      ],
      "/vagrant/lighthouse/w6d6/exercises/myapp/app/models/contact.rb": [
        1,
        1,
        null
      ]
    },
    "timestamp": 1504466849
  }
}
